<?xml version="1.0" encoding="UTF-8"?>
<testng-results ignored="0" total="1" passed="1" failed="0" skipped="0">
  <reporter-output>
  </reporter-output>
  <suite started-at="2024-03-06T21:31:17 IST" name="Default suite" finished-at="2024-03-06T21:31:17 IST" duration-ms="258">
    <groups>
    </groups>
    <test started-at="2024-03-06T21:31:17 IST" name="Default test" finished-at="2024-03-06T21:31:17 IST" duration-ms="258">
      <class name="jbl.logintest">
        <test-method signature="f()[pri:0, instance:jbl.logintest@1ab3a8c8]" started-at="2024-03-06T21:31:17 IST" name="f" finished-at="2024-03-06T21:31:17 IST" duration-ms="56" status="PASS">
          <reporter-output>
          </reporter-output>
        </test-method> <!-- f -->
      </class> <!-- jbl.logintest -->
    </test> <!-- Default test -->
  </suite> <!-- Default suite -->
</testng-results>
